0 info it worked if it ends with ok
1 verbose cli [ '/usr/local/Cellar/node/7.10.0/bin/node',
1 verbose cli   '/usr/local/bin/npm',
1 verbose cli   'run',
1 verbose cli   'test',
1 verbose cli   '--no-cache' ]
2 info using npm@5.6.0
3 info using node@v7.10.0
4 verbose run-script [ 'pretest', 'test', 'posttest' ]
5 info lifecycle github-markdown@0.1.0~pretest: github-markdown@0.1.0
6 info lifecycle github-markdown@0.1.0~test: github-markdown@0.1.0
7 verbose lifecycle github-markdown@0.1.0~test: unsafe-perm in lifecycle true
8 verbose lifecycle github-markdown@0.1.0~test: PATH: /usr/local/lib/node_modules/npm/node_modules/npm-lifecycle/node-gyp-bin:/Users/himanshu/Desktop/github-markdown/node_modules/.bin:/Users/himanshu/.rvm/gems/ruby-2.4.0/bin:/Users/himanshu/.rvm/gems/ruby-2.4.0@global/bin:/Users/himanshu/.rvm/rubies/ruby-2.4.0/bin:/usr/local/bin:/usr/bin:/bin:/usr/sbin:/sbin:/usr/local/share/dotnet:/opt/X11/bin:/Library/Frameworks/Mono.framework/Versions/Current/Commands:/Users/himanshu/.rvm/gems/ruby-2.4.0/bin:/Users/himanshu/.rvm/gems/ruby-2.4.0@global/bin:/Users/himanshu/.rvm/rubies/ruby-2.4.0/bin:/Users/himanshu/.rvm/bin:/Users/himanshu/.rvm/bin
9 verbose lifecycle github-markdown@0.1.0~test: CWD: /Users/himanshu/Desktop/github-markdown
10 silly lifecycle github-markdown@0.1.0~test: Args: [ '-c', 'jest' ]
11 silly lifecycle github-markdown@0.1.0~test: Returned: code: 1  signal: null
12 info lifecycle github-markdown@0.1.0~test: Failed to exec test script
13 verbose stack Error: github-markdown@0.1.0 test: `jest`
13 verbose stack Exit status 1
13 verbose stack     at EventEmitter.<anonymous> (/usr/local/lib/node_modules/npm/node_modules/npm-lifecycle/index.js:285:16)
13 verbose stack     at emitTwo (events.js:106:13)
13 verbose stack     at EventEmitter.emit (events.js:194:7)
13 verbose stack     at ChildProcess.<anonymous> (/usr/local/lib/node_modules/npm/node_modules/npm-lifecycle/lib/spawn.js:55:14)
13 verbose stack     at emitTwo (events.js:106:13)
13 verbose stack     at ChildProcess.emit (events.js:194:7)
13 verbose stack     at maybeClose (internal/child_process.js:899:16)
13 verbose stack     at Process.ChildProcess._handle.onexit (internal/child_process.js:226:5)
14 verbose pkgid github-markdown@0.1.0
15 verbose cwd /Users/himanshu/Desktop/github-markdown
16 verbose Darwin 17.2.0
17 verbose argv "/usr/local/Cellar/node/7.10.0/bin/node" "/usr/local/bin/npm" "run" "test" "--no-cache"
18 verbose node v7.10.0
19 verbose npm  v5.6.0
20 error code ELIFECYCLE
21 error errno 1
22 error github-markdown@0.1.0 test: `jest`
22 error Exit status 1
23 error Failed at the github-markdown@0.1.0 test script.
23 error This is probably not a problem with npm. There is likely additional logging output above.
24 verbose exit [ 1, true ]
